2019-04-15 10:04:31,005 INFO <module>(87) CustomerServiceChange succeed! serialuserid: 7412780835
2019-04-15 10:04:31,006 INFO <module>(89) set send_date to CustomerServiceChange, serialuserid: 7412780835
2019-04-15 10:04:31,294 INFO <module>(87) Internet-Bridge succeed! serialuserid: 2534224055
2019-04-15 10:04:31,294 INFO <module>(89) set send_date to Internet-Bridge, serialuserid: 2534224055
2019-04-15 10:04:31,615 INFO <module>(87) IPTV-Bridg succeed! serialuserid: 2534224054
2019-04-15 10:04:31,616 INFO <module>(89) set send_date to IPTV-Bridg, serialuserid: 2534224054
2019-04-15 10:04:31,907 INFO <module>(87) CustomerServiceChange succeed! serialuserid: 7412793502
2019-04-15 10:04:31,907 INFO <module>(89) set send_date to CustomerServiceChange, serialuserid: 7412793502
2019-04-15 10:04:32,205 INFO <module>(87) Internet-Bridge succeed! serialuserid: 253422496222
2019-04-15 10:04:32,205 INFO <module>(89) set send_date to Internet-Bridge, serialuserid: 253422496222
2019-04-15 10:04:32,566 INFO <module>(87) IPTV-Bridg succeed! serialuserid: 253422496185
2019-04-15 10:04:32,566 INFO <module>(89) set send_date to IPTV-Bridg, serialuserid: 253422496185
2019-04-15 10:04:32,871 INFO <module>(87) IPTV-Bridg succeed! serialuserid: 253422496024
2019-04-15 10:04:32,871 INFO <module>(89) set send_date to IPTV-Bridg, serialuserid: 253422496024
2019-04-15 10:19:40,492 INFO <module>(87) CustomerServiceChange succeed! serialuserid: 7412819992
2019-04-15 10:19:40,493 INFO <module>(89) set send_date to CustomerServiceChange, serialuserid: 7412819992
2019-04-15 10:19:40,824 INFO <module>(87) VOIP-Route-PPP succeed! serialuserid: 2534228921
2019-04-15 10:19:40,824 INFO <module>(89) set send_date to VOIP-Route-PPP, serialuserid: 2534228921
2019-04-15 10:19:41,114 INFO <module>(87) Internet-Bridge succeed! serialuserid: 2534228920
2019-04-15 10:19:41,114 INFO <module>(89) set send_date to Internet-Bridge, serialuserid: 2534228920
2019-04-15 10:19:41,380 INFO <module>(87) IPTV-Bridg succeed! serialuserid: 2534228919
2019-04-15 10:19:41,380 INFO <module>(89) set send_date to IPTV-Bridg, serialuserid: 2534228919
2019-04-15 11:00:01,125 INFO <module>(87) CustomerServiceChange succeed! serialuserid: 7412892718
2019-04-15 11:00:01,126 INFO <module>(89) set send_date to CustomerServiceChange, serialuserid: 7412892718
2019-04-15 11:00:01,426 INFO <module>(87) VOIP-Route-PPP succeed! serialuserid: 2534238402
2019-04-15 11:00:01,427 INFO <module>(89) set send_date to VOIP-Route-PPP, serialuserid: 2534238402
2019-04-15 11:00:01,727 INFO <module>(87) Internet-Bridge succeed! serialuserid: 2534238401
2019-04-15 11:00:01,727 INFO <module>(89) set send_date to Internet-Bridge, serialuserid: 2534238401
2019-04-15 11:00:02,114 INFO <module>(87) IPTV-Bridg succeed! serialuserid: 2534238400
2019-04-15 11:00:02,114 INFO <module>(89) set send_date to IPTV-Bridg, serialuserid: 2534238400
2019-04-15 11:35:18,211 INFO <module>(87) Internet-Bridge succeed! serialuserid: 253422496222
2019-04-15 11:35:18,211 INFO <module>(89) set send_date to Internet-Bridge, serialuserid: 253422496222
2019-04-15 11:35:18,486 INFO <module>(87) IPTV-Bridg succeed! serialuserid: 253422496185
2019-04-15 11:35:18,487 INFO <module>(89) set send_date to IPTV-Bridg, serialuserid: 253422496185
2019-04-15 11:35:18,843 INFO <module>(87) IPTV-Bridg succeed! serialuserid: 253422496024
2019-04-15 11:35:18,843 INFO <module>(89) set send_date to IPTV-Bridg, serialuserid: 253422496024
2019-04-15 11:35:19,138 INFO <module>(87) CustomerServiceChange succeed! serialuserid: 7412793502
2019-04-15 11:35:19,138 INFO <module>(89) set send_date to CustomerServiceChange, serialuserid: 7412793502
2019-04-15 11:40:21,806 INFO <module>(87) CustomerServiceChange succeed! serialuserid: 7412959986
2019-04-15 11:40:21,807 INFO <module>(89) set send_date to CustomerServiceChange, serialuserid: 7412959986
2019-04-15 11:40:22,073 INFO <module>(87) VOIP-Route-PPP succeed! serialuserid: 2534245950
2019-04-15 11:40:22,073 INFO <module>(89) set send_date to VOIP-Route-PPP, serialuserid: 2534245950
2019-04-15 11:40:23,386 INFO <module>(87) Internet-Bridge succeed! serialuserid: 2534245949
2019-04-15 11:40:23,387 INFO <module>(89) set send_date to Internet-Bridge, serialuserid: 2534245949
2019-04-15 11:40:23,677 INFO <module>(87) IPTV-Bridg succeed! serialuserid: 2534245948
2019-04-15 11:40:23,677 INFO <module>(89) set send_date to IPTV-Bridg, serialuserid: 2534245948
2019-04-15 13:06:00,463 INFO <module>(87) Internet-Bridge succeed! serialuserid: 2534243499
2019-04-15 13:06:00,463 INFO <module>(89) set send_date to Internet-Bridge, serialuserid: 2534243499
2019-04-15 13:06:02,287 INFO <module>(87) IPTV-Bridg succeed! serialuserid: 2534243498
2019-04-15 13:06:02,287 INFO <module>(89) set send_date to IPTV-Bridg, serialuserid: 2534243498
2019-06-08 15:40:48,310 INFO <module>(87) CustomerServiceChange succeed! serialuserid: 20027449758
2019-06-08 15:40:48,321 INFO <module>(89) set send_date to CustomerServiceChange, serialuserid: 20027449758
2019-06-08 15:40:48,697 INFO <module>(87) VOIP-Route-PPP succeed! serialuserid: 300002546505
2019-06-08 15:40:48,698 INFO <module>(89) set send_date to VOIP-Route-PPP, serialuserid: 300002546505
2019-06-08 15:40:49,043 INFO <module>(87) Internet-Bridge succeed! serialuserid: 300002546504
2019-06-08 15:40:49,043 INFO <module>(89) set send_date to Internet-Bridge, serialuserid: 300002546504
2019-06-08 15:40:49,517 INFO <module>(87) IPTV-Bridg succeed! serialuserid: 300002546503
2019-06-08 15:40:49,517 INFO <module>(89) set send_date to IPTV-Bridg, serialuserid: 300002546503
